0 info it worked if it ends with ok
1 verbose cli [ 'C:\\Program Files\\nodejs\\node.exe',
1 verbose cli   'C:\\Users\\Administrator\\AppData\\Roaming\\npm\\node_modules\\npm\\bin\\npm-cli.js',
1 verbose cli   'publish' ]
2 info using npm@3.10.6
3 info using node@v4.4.7
4 verbose publish [ '.' ]
5 silly cache add args [ '.', null ]
6 verbose cache add spec .
7 silly cache add parsed spec Result {
7 silly cache add   raw: '.',
7 silly cache add   scope: null,
7 silly cache add   escapedName: null,
7 silly cache add   name: null,
7 silly cache add   rawSpec: '.',
7 silly cache add   spec: 'E:\\documents\\GitHub\\vinslider',
7 silly cache add   type: 'directory' }
8 verbose addLocalDirectory C:\Users\Administrator\AppData\Roaming\npm-cache\vinslider\1.0.2\package.tgz not in flight; packing
9 verbose correctMkdir C:\Users\Administrator\AppData\Roaming\npm-cache correctMkdir not in flight; initializing
10 info lifecycle vinslider@1.0.2~prepublish: vinslider@1.0.2
11 silly lifecycle vinslider@1.0.2~prepublish: no script for prepublish, continuing
12 verbose tar pack [ 'C:\\Users\\Administrator\\AppData\\Roaming\\npm-cache\\vinslider\\1.0.2\\package.tgz',
12 verbose tar pack   'E:\\documents\\GitHub\\vinslider' ]
13 verbose tarball C:\Users\Administrator\AppData\Roaming\npm-cache\vinslider\1.0.2\package.tgz
14 verbose folder E:\documents\GitHub\vinslider
15 verbose addLocalTarball adding from inside cache C:\Users\Administrator\AppData\Roaming\npm-cache\vinslider\1.0.2\package.tgz
16 verbose correctMkdir C:\Users\Administrator\AppData\Roaming\npm-cache correctMkdir not in flight; initializing
17 silly cache afterAdd vinslider@1.0.2
18 verbose afterAdd C:\Users\Administrator\AppData\Roaming\npm-cache\vinslider\1.0.2\package\package.json not in flight; writing
19 verbose correctMkdir C:\Users\Administrator\AppData\Roaming\npm-cache correctMkdir not in flight; initializing
20 verbose afterAdd C:\Users\Administrator\AppData\Roaming\npm-cache\vinslider\1.0.2\package\package.json written
21 silly publish { name: 'vinslider',
21 silly publish   version: '1.0.2',
21 silly publish   description: 'A light weight, written in native javascript, powerful slider',
21 silly publish   main: 'index.js',
21 silly publish   scripts: { test: 'echo "Error: no test specified" && exit 1' },
21 silly publish   file: [ 'vinslider.css', 'vinslider.js' ],
21 silly publish   repository:
21 silly publish    { type: 'git',
21 silly publish      url: 'git+https://github.com/77Vincent/vinslider.git' },
21 silly publish   keywords: [ 'slider', 'scroller', 'native' ],
21 silly publish   author:
21 silly publish    { name: 'Vincent',
21 silly publish      email: 'wentianqi77@outlook.com',
21 silly publish      url: 'https://www.77webtech.com' },
21 silly publish   license: 'ISC',
21 silly publish   bugs: { url: 'https://github.com/77Vincent/vinslider/issues' },
21 silly publish   homepage: 'https://github.com/77Vincent/vinslider#readme',
21 silly publish   readme: '# Vinslider\r\n',
21 silly publish   readmeFilename: 'README.md',
21 silly publish   gitHead: '5fc45e630e66baaa409e85a5edd333b8152f1ac9',
21 silly publish   _id: 'vinslider@1.0.2',
21 silly publish   _shasum: '46932909f7bd1f9a6fdedd1f00c3db30d95f1d35',
21 silly publish   _from: '.' }
22 verbose getPublishConfig undefined
23 silly mapToRegistry name vinslider
24 silly mapToRegistry using default registry
25 silly mapToRegistry registry https://registry.npmjs.org/
26 silly mapToRegistry data Result {
26 silly mapToRegistry   raw: 'vinslider',
26 silly mapToRegistry   scope: null,
26 silly mapToRegistry   escapedName: 'vinslider',
26 silly mapToRegistry   name: 'vinslider',
26 silly mapToRegistry   rawSpec: '',
26 silly mapToRegistry   spec: 'latest',
26 silly mapToRegistry   type: 'tag' }
27 silly mapToRegistry uri https://registry.npmjs.org/vinslider
28 verbose publish registryBase https://registry.npmjs.org/
29 silly publish uploading C:\Users\Administrator\AppData\Roaming\npm-cache\vinslider\1.0.2\package.tgz
30 verbose request uri https://registry.npmjs.org/vinslider
31 verbose request sending authorization for write operation
32 info attempt registry request try #1 at 09:22:56
33 verbose request using bearer token for auth
34 verbose request id e7b49b715d013490
35 http request PUT https://registry.npmjs.org/vinslider
36 http 403 https://registry.npmjs.org/vinslider
37 verbose headers { 'content-type': 'application/json',
37 verbose headers   'cache-control': 'max-age=300',
37 verbose headers   'content-length': '95',
37 verbose headers   'accept-ranges': 'bytes',
37 verbose headers   date: 'Sat, 20 Aug 2016 01:22:57 GMT',
37 verbose headers   via: '1.1 varnish',
37 verbose headers   connection: 'keep-alive',
37 verbose headers   'x-served-by': 'cache-nrt6121-NRT',
37 verbose headers   'x-cache': 'MISS',
37 verbose headers   'x-cache-hits': '0',
37 verbose headers   'x-timer': 'S1471656176.502581,VS0,VE518',
37 verbose headers   vary: 'Accept-Encoding' }
38 verbose request invalidating C:\Users\Administrator\AppData\Roaming\npm-cache\registry.npmjs.org\vinslider on PUT
39 error publish Failed PUT 403
40 verbose stack Error: "You cannot publish over the previously published version 1.0.2." : vinslider
40 verbose stack     at makeError (C:\Users\Administrator\AppData\Roaming\npm\node_modules\npm\node_modules\npm-registry-client\lib\request.js:264:12)
40 verbose stack     at CachingRegistryClient.<anonymous> (C:\Users\Administrator\AppData\Roaming\npm\node_modules\npm\node_modules\npm-registry-client\lib\request.js:252:14)
40 verbose stack     at Request._callback (C:\Users\Administrator\AppData\Roaming\npm\node_modules\npm\node_modules\npm-registry-client\lib\request.js:172:14)
40 verbose stack     at Request.self.callback (C:\Users\Administrator\AppData\Roaming\npm\node_modules\npm\node_modules\request\request.js:200:22)
40 verbose stack     at emitTwo (events.js:87:13)
40 verbose stack     at Request.emit (events.js:172:7)
40 verbose stack     at Request.<anonymous> (C:\Users\Administrator\AppData\Roaming\npm\node_modules\npm\node_modules\request\request.js:1067:10)
40 verbose stack     at emitOne (events.js:82:20)
40 verbose stack     at Request.emit (events.js:169:7)
40 verbose stack     at IncomingMessage.<anonymous> (C:\Users\Administrator\AppData\Roaming\npm\node_modules\npm\node_modules\request\request.js:988:12)
41 verbose statusCode 403
42 verbose pkgid vinslider
43 verbose cwd E:\documents\GitHub\vinslider
44 error Windows_NT 10.0.10586
45 error argv "C:\\Program Files\\nodejs\\node.exe" "C:\\Users\\Administrator\\AppData\\Roaming\\npm\\node_modules\\npm\\bin\\npm-cli.js" "publish"
46 error node v4.4.7
47 error npm  v3.10.6
48 error code E403
49 error "You cannot publish over the previously published version 1.0.2." : vinslider
50 error If you need help, you may report this error at:
50 error     <https://github.com/npm/npm/issues>
51 verbose exit [ 1, true ]
